<?xml version="1.0" encoding="UTF-8"?>
<!-- Generated by org.testng.reporters.JUnitReportReporter -->
<testsuite hostname="HSC-PG02B4N8" failures="0" tests="1" name="datadrivenTesting.ParsinJsonResponse" time="1.538" errors="0" timestamp="2023-03-19T14:20:41 IST" skipped="0">
  <testcase classname="datadrivenTesting.ParsinJsonResponse" name="testJsonResponseBodyData" time="1.538"/>
  <system-out/>
</testsuite> <!-- datadrivenTesting.ParsinJsonResponse -->
