<?xml version="1.0" encoding="UTF-8"?>
<!-- Generated by org.testng.reporters.JUnitReportReporter -->
<testsuite hostname="HSC-PG02B4N8" failures="0" tests="1" name="datadrivenTesting.postRequestUsingOrgJson" time="1.453" errors="0" timestamp="2023-03-17T19:39:07 IST" skipped="0">
  <testcase classname="datadrivenTesting.postRequestUsingOrgJson" name="testDelete" time="1.453"/>
  <system-out/>
</testsuite> <!-- datadrivenTesting.postRequestUsingOrgJson -->
