<?xml version="1.0" encoding="UTF-8"?>
<!-- Generated by org.testng.reporters.JUnitReportReporter -->
<testsuite hostname="HSC-PG02B4N8" failures="0" tests="1" name="datadrivenTesting.FakerDataGenerator" time="0.215" errors="0" timestamp="2023-03-25T16:12:08 IST" skipped="0">
  <testcase classname="datadrivenTesting.FakerDataGenerator" name="testdummyData" time="0.215"/>
  <system-out/>
</testsuite> <!-- datadrivenTesting.FakerDataGenerator -->
