<?xml version="1.0" encoding="UTF-8"?>
<!-- Generated by org.testng.reporters.JUnitReportReporter -->
<testsuite hostname="HSC-PG02B4N8" failures="0" tests="1" name="datadrivenTesting.PostRequestUsingExtJsonfile" time="1.684" errors="0" timestamp="2023-03-17T22:33:49 IST" skipped="0">
  <testcase classname="datadrivenTesting.PostRequestUsingExtJsonfile" name="testDelete" time="1.684"/>
  <system-out/>
</testsuite> <!-- datadrivenTesting.PostRequestUsingExtJsonfile -->
