<?xml version="1.0" encoding="UTF-8"?>
<!-- Generated by org.testng.reporters.JUnitReportReporter -->
<testsuite hostname="HSC-PG02B4N8" failures="0" tests="1" name="datadrivenTesting.JSONschemavalidation" time="1.651" errors="0" timestamp="2023-03-22T17:14:00 IST" skipped="0">
  <testcase classname="datadrivenTesting.JSONschemavalidation" name="jsonschemavalidation" time="1.651"/>
  <system-out/>
</testsuite> <!-- datadrivenTesting.JSONschemavalidation -->
