<?xml version="1.0" encoding="UTF-8"?>
<!-- Generated by org.testng.reporters.JUnitReportReporter -->
<testsuite hostname="HSC-PG02B4N8" failures="0" tests="2" name="datadrivenTesting.DiffWaytoCreatePostRequests" time="2.576" errors="0" timestamp="2023-03-17T18:26:21 IST" skipped="0">
  <testcase classname="datadrivenTesting.DiffWaytoCreatePostRequests" name="testPostusingHashmap" time="2.522"/>
  <system-out/>
  <testcase classname="datadrivenTesting.DiffWaytoCreatePostRequests" name="testDelete" time="0.054"/>
  <system-out/>
</testsuite> <!-- datadrivenTesting.DiffWaytoCreatePostRequests -->
