<?xml version="1.0" encoding="UTF-8"?>
<!-- Generated by org.testng.reporters.JUnitReportReporter -->
<testsuite hostname="HSC-PG02B4N8" failures="0" tests="1" name="datadrivenTesting.LogginDemo" time="1.916" errors="0" timestamp="2023-03-18T16:38:22 IST" skipped="0">
  <testcase classname="datadrivenTesting.LogginDemo" name="testLogCookieDemo" time="1.916"/>
  <system-out/>
</testsuite> <!-- datadrivenTesting.LogginDemo -->
