<?xml version="1.0" encoding="UTF-8"?>
<!-- Generated by org.testng.reporters.JUnitReportReporter -->
<testsuite hostname="HSC-PG02B4N8" failures="0" tests="1" name="RestAssured.RestAssured.TC001_Get_Request" time="2.741" errors="0" timestamp="2023-03-12T21:05:46 IST" skipped="0">
  <testcase classname="RestAssured.RestAssured.TC001_Get_Request" name="getweatherdetails" time="2.741"/>
  <system-out/>
</testsuite> <!-- RestAssured.RestAssured.TC001_Get_Request -->
