<?xml version="1.0" encoding="UTF-8"?>
<!-- Generated by org.testng.reporters.JUnitReportReporter -->
<testsuite hostname="HSC-PG02B4N8" failures="0" tests="1" name="pojo.PostTestUsingPojo" time="3.939" errors="0" timestamp="2023-03-17T22:05:09 IST" skipped="0">
  <testcase classname="pojo.PostTestUsingPojo" name="testDelete" time="3.939"/>
  <system-out/>
</testsuite> <!-- pojo.PostTestUsingPojo -->
