<?xml version="1.0" encoding="UTF-8"?>
<!-- Generated by org.testng.reporters.JUnitReportReporter -->
<testsuite hostname="HSC-PG02B4N8" failures="0" tests="1" name="datadrivenTesting.HeadersDemo" time="2.088" errors="0" timestamp="2023-03-18T16:23:15 IST" skipped="0">
  <testcase classname="datadrivenTesting.HeadersDemo" name="getHeaders" time="2.088"/>
  <system-out/>
</testsuite> <!-- datadrivenTesting.HeadersDemo -->
