<?xml version="1.0" encoding="UTF-8"?>
<!-- Generated by org.testng.reporters.JUnitReportReporter -->
<testsuite hostname="HSC-PG02B4N8" failures="0" tests="1" name="datadrivenTesting.XmlSchemaValidation" time="4.326" errors="0" timestamp="2023-03-22T21:24:54 IST" skipped="0">
  <testcase classname="datadrivenTesting.XmlSchemaValidation" name="XMLschemavalidation" time="4.326"/>
  <system-out/>
</testsuite> <!-- datadrivenTesting.XmlSchemaValidation -->
