<?xml version="1.0" encoding="UTF-8"?>
<!-- Generated by org.testng.reporters.JUnitReportReporter -->
<testsuite hostname="HSC-PG02B4N8" failures="0" tests="1" name="chaining.UpdateUser" time="0.298" errors="0" timestamp="2023-03-25T21:55:06 IST" skipped="0">
  <testcase classname="chaining.UpdateUser" name="testUpdateUser" time="0.298"/>
  <system-out/>
</testsuite> <!-- chaining.UpdateUser -->
