<?xml version="1.0" encoding="UTF-8"?>
<!-- Generated by org.testng.reporters.JUnitReportReporter -->
<testsuite hostname="HSC-PG02B4N8" failures="0" tests="6" name="datadrivenTesting.Authentications" time="14.857" errors="0" timestamp="2023-03-23T23:32:58 IST" skipped="0">
  <testcase classname="datadrivenTesting.Authentications" name="testBasicAuthentication" time="5.272"/>
  <system-out/>
  <testcase classname="datadrivenTesting.Authentications" name="testDigestAuthentication" time="2.462"/>
  <system-out/>
  <testcase classname="datadrivenTesting.Authentications" name="testPreemptiveAuthentication" time="2.104"/>
  <system-out/>
  <testcase classname="datadrivenTesting.Authentications" name="testBearerAuthentication" time="1.757"/>
  <system-out/>
  <testcase classname="datadrivenTesting.Authentications" name="testOAuth2Authentication" time="1.125"/>
  <system-out/>
  <testcase classname="datadrivenTesting.Authentications" name="testAPIKEYauthentication" time="2.137"/>
  <system-out/>
</testsuite> <!-- datadrivenTesting.Authentications -->
