<?xml version="1.0" encoding="UTF-8"?>
<!-- Generated by org.testng.reporters.JUnitReportReporter -->
<testsuite hostname="HSC-PG02B4N8" failures="0" tests="1" name="chaining.DeleteUser" time="0.301" errors="0" timestamp="2023-03-25T21:55:06 IST" skipped="0">
  <testcase classname="chaining.DeleteUser" name="testDeleteUser" time="0.301"/>
  <system-out/>
</testsuite> <!-- chaining.DeleteUser -->
