<?xml version="1.0" encoding="UTF-8"?>
<!-- Generated by org.testng.reporters.JUnitReportReporter -->
<testsuite hostname="HSC-PG02B4N8" failures="0" tests="1" name="datadrivenTesting.CookiesDemo" time="1.926" errors="0" timestamp="2023-03-18T15:49:18 IST" skipped="0">
  <testcase classname="datadrivenTesting.CookiesDemo" name="getCookiesInfo" time="1.926"/>
  <system-out/>
</testsuite> <!-- datadrivenTesting.CookiesDemo -->
