<?xml version="1.0" encoding="UTF-8"?>
<!-- Generated by org.testng.reporters.JUnitReportReporter -->
<testsuite hostname="HSC-PG02B4N8" failures="0" tests="2" name="datadrivenTesting.FileUploadandDownload" time="1.909" errors="0" timestamp="2023-03-19T22:12:25 IST" skipped="0">
  <testcase classname="datadrivenTesting.FileUploadandDownload" name="singleFileUpload" time="1.883"/>
  <system-out/>
  <testcase classname="datadrivenTesting.FileUploadandDownload" name="downloadfile" time="0.026"/>
  <system-out/>
</testsuite> <!-- datadrivenTesting.FileUploadandDownload -->
