<?xml version="1.0" encoding="UTF-8"?>
<!-- Generated by org.testng.reporters.JUnitReportReporter -->
<testsuite hostname="HSC-PG02B4N8" failures="0" tests="4" name="datadrivenTesting.HttpRequest" time="9.152" errors="0" timestamp="2023-03-17T10:55:22 IST" skipped="0">
  <testcase classname="datadrivenTesting.HttpRequest" name="getUser" time="6.326"/>
  <system-out/>
  <testcase classname="datadrivenTesting.HttpRequest" name="UpdateUser" time="0.710"/>
  <system-out/>
  <testcase classname="datadrivenTesting.HttpRequest" name="createUser" time="1.460"/>
  <system-out/>
  <testcase classname="datadrivenTesting.HttpRequest" name="deleteUser" time="0.656"/>
  <system-out/>
</testsuite> <!-- datadrivenTesting.HttpRequest -->
