<?xml version="1.0" encoding="UTF-8"?>
<!-- Generated by org.testng.reporters.JUnitReportReporter -->
<testsuite hostname="HSC-PG02B4N8" failures="0" tests="2" name="pojo.SerializationDeserialization" time="0.291" errors="0" timestamp="2023-03-23T21:46:55 IST" skipped="0">
  <testcase classname="pojo.SerializationDeserialization" name="convertPojo2Json" time="0.261"/>
  <system-out/>
  <testcase classname="pojo.SerializationDeserialization" name="convertJsontoPojo" time="0.030"/>
  <system-out/>
</testsuite> <!-- pojo.SerializationDeserialization -->
