<?xml version="1.0" encoding="UTF-8"?>
<!-- Generated by org.testng.reporters.JUnitReportReporter -->
<testsuite hostname="HSC-PG02B4N8" failures="0" tests="1" name="datadrivenTesting.ParsingXML" time="2.295" errors="0" timestamp="2023-03-19T17:55:39 IST" skipped="0">
  <testcase classname="datadrivenTesting.ParsingXML" name="testXMLResponse" time="2.295"/>
  <system-out/>
</testsuite> <!-- datadrivenTesting.ParsingXML -->
