<?xml version="1.0" encoding="UTF-8"?>
<!-- Generated by org.testng.reporters.JUnitReportReporter -->
<testsuite hostname="HSC-PG02B4N8" failures="0" tests="1" name="datadrivenTesting.PathandQueryParameters" time="3.366" errors="0" timestamp="2023-03-18T12:53:06 IST" skipped="0">
  <testcase classname="datadrivenTesting.PathandQueryParameters" name="testQueryandPathParameter" time="3.366"/>
  <system-out/>
</testsuite> <!-- datadrivenTesting.PathandQueryParameters -->
